On branch master

No commits yet

Untracked files:
  (use "git add <file>..." to include in what will be committed)

	ALLOC
	BUGS
	COPYING-LIB
	HACKERS.txt
	INSTALL
	Makefile.aix.in
	Makefile.in
	README.07a
	README.08a
	README.08b
	README.08c
	README.08d
	README.08e
	README.08f
	README.08g
	README.08h
	README.20
	README.21
	README.22
	README.30
	README.31
	README.32
	README.33
	README.34
	README.35
	README.36
	README.37
	README.38
	README.382
	README.383
	README.390
	README.391
	README.BeOS
	README.DJG
	README.DOS4G
	README.MacOSX
	README.OS2
	README.QNX4
	README.STATIC
	README.Unix
	README.VCP
	README.VMS
	README.W32
	README.W64
	README_SAFE
	TODO
	aclocal.m4
	alloca.c
	apphead.h
	arxfuncs.c
	assert_custom.c
	assert_custom.h
	build.com
	buildemx.bat
	builtin.c
	checkmts.rexx
	client.c
	cmath.c
	cmsfuncs.c
	common/
	config.guess
	config.h
	config.h.in
	config.sub
	configur.h
	configure
	configure.in
	contrib/
	convert.c
	dbgfuncs.c
	de.mts
	debian/
	debug.c
	def2exp.rexx
	defs.h
	defs_debug.c
	defs_debug.h
	demo/
	descrip.mms
	diff.out
	en.mts
	envir.c
	eoftest.dat
	epoc32/
	error.c
	es.mts
	execiser.c
	exhaust.rexx
	expr.c
	extern.h
	extstack.c
	extstack.h
	favicon.ico
	file_id.diz.djg
	file_id.diz.os2
	file_id.diz.ts.w32
	file_id.diz.vcp
	file_id.diz.w32
	files.c
	flexint.h
	funcs.c
	gci/
	go32.rsp
	install-sh
	instore.c
	interp.c
	interprt.c
	iohandlers.c
	iohandlers.h
	lexsrc.c
	lexsrc.l
	library.c
	mac.c
	mac.h
	macros.c
	makebinary.rexx
	makedjg.cmd
	makeerror.rexx
	makefile.amiga.gcc
	makefile.amiga.sas
	makefile.com
	makefile.djg
	makefile.dos.emx
	makefile.os2.emx
	makefile.os2.gcc
	makefile.os2.gcc.bak
	makefile.os2.icc
	makefile.os2.wcc
	makefile.skyos
	makefile.wcc
	makefile.win.vc
	makefile.win.vc.bak
	makefile.win32.bor
	makefile.win32.cygnus
	makefile.win32.lcc
	makefile.win32.mingw
	makefile.win32.vc
	makefile.win32.wcc
	makefile.win64.vc
	makegcc.cmd
	makeos2.cmd
	makevcp.cmd
	makew32.bat
	makezip.cmd
	memory.c
	misc.c
	msc.rsp
	msgcmp.c
	mt.h
	mt_notmt.c
	mt_notmt.h
	mt_os2.c
	mt_os2.h
	mt_posix.c
	mt_posix.h
	mt_win32.c
	mt_win32.h
	mt_win64.c
	mt_win64.h
	mygetopt.c
	mygetopt.h
	n
	name3.rexx
	no.mts
	nosaa.c
	nsis/
	ntservice/
	options.c
	os2/
	os2funcs.c
	os_callbacks.c
	os_os2.c
	os_other.c
	os_unx.c
	os_win.c
	parsing.c
	pl.mts
	pmregina.def
	preinst.rexx
	pt.mts
	regina-config
	regina-config.1
	regina-config.in
	regina.1
	regina.c
	regina.info
	regina.nsi.files
	regina.nsi.in
	regina.ver
	regina64.h
	regina64.xpm
	regina_c.h
	regina_elf.def
	regina_elf_MT.def
	regina_os2.def
	regina_os2_dll.def
	regina_skyos_dll.def
	regina_t.h
	regina_w32_dll.def
	regina_w32_mingw_dll.def
	regina_w64_dll.def
	reginaos2.ico
	reginaos2.rc
	reginats_os2_dll.def
	reginats_w32_dll.def
	reginatsw32dll.rc
	reginaw32.ico
	reginaw32dll.rc
	reginaw32exe.rc
	reginaw64dll.rc
	reginaw64exe.rc
	regutil/
	rexx.c
	rexx.h
	rexx.make
	rexxbif.c
	rexxbif.h
	rexxext.c
	rexxmsg.h
	rexxsaa.c
	rexxsaa.h
	rexxw32exe.rc
	rexxw64exe.rc
	rr.c
	rxiface.h
	rxqueue.1
	rxqueue.c
	rxqueuew32exe.rc
	rxqueuew64exe.rc
	rxstack.1
	rxstack.c
	rxstack.init.d
	rxstack.init.d.in
	rxstackw32exe.rc
	rxstackw64exe.rc
	shell.c
	signals.c
	src/
	stack.c
	staticld.c
	strings.c
	strings.h
	strmath.c
	sv.mts
	test1.c
	test1_os2_dll.def
	test1_skyos_dll.def
	test1_w32_dll.def
	test1_w64_dll.def
	test2.c
	test2_os2_dll.def
	test2_skyos_dll.def
	test2_w32_dll.def
	test2_w64_dll.def
	threader.c
	tr.mts
	tracing.c
	treginaw32exe.rc
	trip/
	unxfuncs.c
	userhandlers.c
	userhandlers.h
	utsname.h
	variable.c
	vcdef2lccdef.rexx
	vms.h
	vmscmd.c
	vmsfuncs.c
	wrappers.c
	wrappers.h
	yaccsrc.bound
	yaccsrc.c
	yaccsrc.h
	yaccsrc.y

nothing added to commit but untracked files present (use "git add" to track)
